[35m[Appium][39m Welcome to Appium v1.22.3
[35m[Appium][39m Non-default server args:
[35m[Appium][39m   port: 53628
[35m[Appium][39m   loglevel: info
[35m[Appium][39m   tmpDir: C:\Users\DELL\AppData\Local\Temp\\Katalon\Appium\Temp1664274575899
[35m[Appium][39m   chromedriverPort: 53629
[35m[Appium][39m Deprecated server args:
[35m[Appium][39m   [31m--chromedriver-port[39m => --default-capabilities
[35m[Appium][39m Default capabilities, which will be added to each request unless overridden by desired capabilities:
[35m[Appium][39m   chromedriverPort: 53629
[35m[Appium][39m Appium REST http interface listener started on 0.0.0.0:53628
[35m[HTTP][39m [37m-->[39m [37mGET[39m [37m/wd/hub/status[39m
[35m[HTTP][39m [90m{}[39m
[35m[HTTP][39m [37m<-- GET /wd/hub/status [39m[32m200[39m [90m7 ms - 68[39m
[35m[HTTP][39m [90m[39m
[35m[HTTP][39m [37m-->[39m [37mGET[39m [37m/wd/hub/status[39m
[35m[HTTP][39m [90m{}[39m
[35m[HTTP][39m [37m<-- GET /wd/hub/status [39m[32m200[39m [90m1 ms - 68[39m
[35m[HTTP][39m [90m[39m
[35m[HTTP][39m [37m-->[39m [37mPOST[39m [37m/wd/hub/session[39m
[35m[HTTP][39m [90m{"desiredCapabilities":{"appActivity":".Settings","appPackage":"com.android.settings","newCommandTimeout":1800,"platformVersion":"8.1.0","automationName":"uiautomator2","autoGrantPermissions":true,"platformName":"Android","udid":"961da8537d74","deviceName":"Xiaomi Redmi 5A (Android 8.1.0)","platform":"ANDROID","systemPort":8230},"capabilities":{"firstMatch":[{"appium:appActivity":".Settings","appium:appPackage":"com.android.settings","appium:autoGrantPermissions":true,"appium:automationName":"uiautomator2","appium:deviceName":"Xiaomi Redmi 5A (Android 8.1.0)","appium:newCommandTimeout":1800,"platform":"ANDROID","platformName":"android","appium:platformVersion":"8.1.0","appium:systemPort":8230,"appium:udid":"961da8537d74"}]}}[39m
[35m[BaseDriver][39m The following capabilities are not standard capabilities and should have an extension prefix:
[35m[BaseDriver][39m   platform
[35m[BaseDriver][39m   chromedriverPort
[35m[Appium][39m Appium v1.22.3 creating new AndroidUiautomator2Driver (v1.70.1) session
[35m[BaseDriver][39m The following capabilities were provided, but are not recognized by Appium:
[35m[BaseDriver][39m   platform
[35m[BaseDriver][39m Session created with session id: c171af13-c73b-486c-8a8c-c4c9ca043a4b
[35m[UiAutomator2][39m Starting 'com.android.settings' directly on the device
[35m[ADB][39m Found 1 'build-tools' folders under 'C:\Users\DELL\.katalon\tools\android_sdk' (newest first):
[35m[ADB][39m     C:/Users/DELL/.katalon/tools/android_sdk/build-tools/29.0.3
[35m[ADB][39m Using 'adb.exe' from 'C:\Users\DELL\.katalon\tools\android_sdk\platform-tools\adb.exe'
[35m[AndroidDriver][39m Retrieving device list
[35m[AndroidDriver][39m Using device: 961da8537d74
[35m[ADB][39m Using 'adb.exe' from 'C:\Users\DELL\.katalon\tools\android_sdk\platform-tools\adb.exe'
[35m[AndroidDriver][39m No app sent in, not parsing package/activity
[35m[ADB][39m The application at 'C:\Users\DELL\AppData\Roaming\npm\node_modules\appium\node_modules\io.appium.settings\apks\settings_apk-debug.apk' will not be cached, because the device under test has confirmed the support of streamed installs
[35m[ADB][39m The application at 'C:\Users\DELL\AppData\Roaming\npm\node_modules\appium\node_modules\io.appium.settings\apks\settings_apk-debug.apk' will not be cached, because the device under test has confirmed the support of streamed installs
[35m[UiAutomator2][39m Unable to remove system port forward: Error executing adbExec. Original error: 'Command 'C:\\Users\\DELL\\.katalon\\tools\\android_sdk\\platform-tools\\adb.exe -P 5037 -s 961da8537d74 forward --remove tcp\:8230' exited with code 1'; Command output: adb.exe: error: listener 'tcp:8230' not found
[35m[UiAutomator2][39m 
[35m[HTTP][39m [37m<-- POST /wd/hub/session [39m[31m500[39m [90m2079 ms - 2619[39m
[35m[HTTP][39m [90m[39m
